2024-08-16 13:45:35 INFO  TC_001AccountRegistrationTC:15 - Starting executing TC_001AccountRegistration Test Case .....
2024-08-16 13:45:36 INFO  TC_001AccountRegistrationTC:21 - Clicked on My Account link ...
2024-08-16 13:45:37 INFO  TC_001AccountRegistrationTC:24 - Clicked on Registration link ...
2024-08-16 13:45:37 INFO  TC_001AccountRegistrationTC:28 - Providing customer details ...
2024-08-16 13:45:41 INFO  TC_001AccountRegistrationTC:44 - Finished executing TC_001AccountRegistration Test Case .....
2024-08-16 14:22:45 INFO  TC_001AccountRegistrationTC:15 - Starting executing TC_001AccountRegistration Test Case .....
2024-08-16 14:22:45 INFO  TC_001AccountRegistrationTC:21 - Clicked on My Account link ...
2024-08-16 14:22:46 INFO  TC_001AccountRegistrationTC:24 - Clicked on Registration link ...
2024-08-16 14:22:46 INFO  TC_001AccountRegistrationTC:28 - Providing customer details ...
2024-08-16 14:22:50 INFO  TC_001AccountRegistrationTC:44 - Finished executing TC_001AccountRegistration Test Case .....
2024-08-16 14:23:16 INFO  TC_001AccountRegistrationTC:15 - Starting executing TC_001AccountRegistration Test Case .....
2024-08-16 14:23:17 ERROR TC_001AccountRegistrationTC:41 - Test Failed...
2024-08-16 14:23:17 INFO  TC_001AccountRegistrationTC:44 - Finished executing TC_001AccountRegistration Test Case .....
2024-08-16 14:23:35 INFO  TC_001AccountRegistrationTC:15 - Starting executing TC_001AccountRegistration Test Case .....
2024-08-16 14:23:35 ERROR TC_001AccountRegistrationTC:41 - Test Failed...
2024-08-16 14:23:35 INFO  TC_001AccountRegistrationTC:44 - Finished executing TC_001AccountRegistration Test Case .....
2024-08-16 14:24:54 INFO  TC_001AccountRegistrationTC:15 - Starting executing TC_001AccountRegistration Test Case .....
2024-08-16 14:24:54 ERROR TC_001AccountRegistrationTC:41 - Test Failed...
2024-08-16 14:24:54 INFO  TC_001AccountRegistrationTC:44 - Finished executing TC_001AccountRegistration Test Case .....
2024-08-16 14:25:28 INFO  TC_001AccountRegistrationTC:15 - Starting executing TC_001AccountRegistration Test Case .....
2024-08-16 14:25:28 INFO  TC_001AccountRegistrationTC:21 - Clicked on My Account link ...
2024-08-16 14:25:29 INFO  TC_001AccountRegistrationTC:24 - Clicked on Registration link ...
2024-08-16 14:25:29 INFO  TC_001AccountRegistrationTC:28 - Providing customer details ...
2024-08-16 14:25:34 INFO  TC_001AccountRegistrationTC:44 - Finished executing TC_001AccountRegistration Test Case .....
2024-08-16 15:21:21 INFO  TC_001AccountRegistrationTC:15 - Starting executing TC_001AccountRegistration Test Case .....
2024-08-16 15:21:21 INFO  TC_001AccountRegistrationTC:21 - Clicked on My Account link ...
2024-08-16 15:21:23 INFO  TC_001AccountRegistrationTC:24 - Clicked on Registration link ...
2024-08-16 15:21:23 INFO  TC_001AccountRegistrationTC:28 - Providing customer details ...
2024-08-16 15:21:27 INFO  TC_001AccountRegistrationTC:44 - Finished executing TC_001AccountRegistration Test Case .....
2024-08-16 15:21:31 INFO  TC_001AccountRegistrationTC:15 - Starting executing TC_001AccountRegistration Test Case .....
2024-08-16 15:21:31 ERROR TC_001AccountRegistrationTC:41 - Test Failed...
2024-08-16 15:21:31 INFO  TC_001AccountRegistrationTC:44 - Finished executing TC_001AccountRegistration Test Case .....
2024-08-16 15:21:38 INFO  TC_001AccountRegistrationTC:15 - Starting executing TC_001AccountRegistration Test Case .....
2024-08-16 15:21:38 ERROR TC_001AccountRegistrationTC:41 - Test Failed...
2024-08-16 15:21:38 INFO  TC_001AccountRegistrationTC:44 - Finished executing TC_001AccountRegistration Test Case .....
2024-08-16 15:22:47 INFO  TC_001AccountRegistrationTC:15 - Starting executing TC_001AccountRegistration Test Case .....
2024-08-16 15:22:47 INFO  TC_001AccountRegistrationTC:21 - Clicked on My Account link ...
2024-08-16 15:22:47 INFO  TC_001AccountRegistrationTC:15 - Starting executing TC_001AccountRegistration Test Case .....
2024-08-16 15:22:47 ERROR TC_001AccountRegistrationTC:41 - Test Failed...
2024-08-16 15:22:47 INFO  TC_001AccountRegistrationTC:44 - Finished executing TC_001AccountRegistration Test Case .....
2024-08-16 15:22:48 INFO  TC_001AccountRegistrationTC:24 - Clicked on Registration link ...
2024-08-16 15:22:48 INFO  TC_001AccountRegistrationTC:28 - Providing customer details ...
2024-08-16 15:22:52 INFO  TC_001AccountRegistrationTC:44 - Finished executing TC_001AccountRegistration Test Case .....
2024-08-16 15:22:53 INFO  TC_001AccountRegistrationTC:15 - Starting executing TC_001AccountRegistration Test Case .....
2024-08-16 15:22:53 ERROR TC_001AccountRegistrationTC:41 - Test Failed...
2024-08-16 15:22:53 INFO  TC_001AccountRegistrationTC:44 - Finished executing TC_001AccountRegistration Test Case .....
2024-08-16 15:50:00 INFO  TC_001AccountRegistrationTC:15 - Starting executing TC_001AccountRegistration Test Case .....
2024-08-16 15:50:00 INFO  TC_001AccountRegistrationTC:21 - Clicked on My Account link ...
2024-08-16 15:50:01 INFO  TC_001AccountRegistrationTC:24 - Clicked on Registration link ...
2024-08-16 15:50:01 INFO  TC_001AccountRegistrationTC:28 - Providing customer details ...
2024-08-16 15:50:06 INFO  TC_001AccountRegistrationTC:44 - Finished executing TC_001AccountRegistration Test Case .....
